<?xml version="1.0" encoding="UTF-8"?>
<!-- Generated by org.testng.reporters.JUnitReportReporter -->
<testsuite hostname="WKWIN4159591" name="aemTest.EnhancedProductHeroTest" tests="3" failures="0" timestamp="26 Apr 2018 10:53:28 GMT" time="58.073" errors="0">
  <testcase name="PublishThePage" time="17.764" classname="aemTest.EnhancedProductHeroTest"/>
  <testcase name="CreateNewTemplate" time="23.055" classname="aemTest.EnhancedProductHeroTest"/>
  <testcase name="AddEnhancedProductHero" time="17.254" classname="aemTest.EnhancedProductHeroTest"/>
</testsuite> <!-- aemTest.EnhancedProductHeroTest -->
