<?xml version="1.0" encoding="UTF-8"?>
<!-- Generated by org.testng.reporters.JUnitReportReporter -->
<testsuite hostname="WKWIN4159591" name="aemTest.EnhancedContent" tests="3" failures="0" timestamp="25 Apr 2018 06:18:46 GMT" time="42.135" errors="0">
  <testcase name="PublishThePage" time="7.775" classname="aemTest.EnhancedContent"/>
  <testcase name="CreateNewTemplate" time="18.179" classname="aemTest.EnhancedContent"/>
  <testcase name="EnhancedContentConfig" time="16.181" classname="aemTest.EnhancedContent"/>
</testsuite> <!-- aemTest.EnhancedContent -->
