<?xml version="1.0" encoding="UTF-8"?>
<!-- Generated by org.testng.reporters.JUnitReportReporter -->
<testsuite hostname="WKWIN4159591" name="aemTest.HeroImage" tests="3" failures="0" timestamp="25 Apr 2018 07:40:33 GMT" time="41.336" errors="0">
  <testcase name="PublishThePage" time="12.959" classname="aemTest.HeroImage"/>
  <testcase name="CreateNewTemplate" time="14.039" classname="aemTest.HeroImage"/>
  <testcase name="AddHeroImage" time="14.338" classname="aemTest.HeroImage"/>
</testsuite> <!-- aemTest.HeroImage -->
