<?xml version="1.0" encoding="UTF-8"?>
<!-- Generated by org.testng.reporters.JUnitReportReporter -->
<testsuite hostname="WKWIN4159591" name="aemTest.Carousel" tests="10" failures="0" timestamp="25 Apr 2018 06:13:48 GMT" time="278.083" errors="0">
  <testcase name="CarouselSide6" time="39.115" classname="aemTest.Carousel"/>
  <testcase name="PublishThePage" time="7.851" classname="aemTest.Carousel"/>
  <testcase name="CreateNewTemplate" time="16.051" classname="aemTest.Carousel"/>
  <testcase name="CarouselSide2" time="19.980" classname="aemTest.Carousel"/>
  <testcase name="CarouselSide1" time="15.800" classname="aemTest.Carousel"/>
  <testcase name="CarouselSide4" time="29.246" classname="aemTest.Carousel"/>
  <testcase name="CarouselSide8" time="48.227" classname="aemTest.Carousel"/>
  <testcase name="CarouselSide3" time="24.461" classname="aemTest.Carousel"/>
  <testcase name="CarouselSide7" time="43.203" classname="aemTest.Carousel"/>
  <testcase name="CarouselSide5" time="34.149" classname="aemTest.Carousel"/>
</testsuite> <!-- aemTest.Carousel -->
