<?xml version="1.0" encoding="UTF-8"?>
<!-- Generated by org.testng.reporters.JUnitReportReporter -->
<testsuite hostname="WKWIN4159591" name="aemTest.FeaturedContent" tests="4" failures="0" timestamp="25 Apr 2018 07:36:58 GMT" time="82.497" errors="0">
  <testcase name="SectionTitleConfigOpenState" time="29.767" classname="aemTest.FeaturedContent"/>
  <testcase name="CreateNewTemplate" time="13.558" classname="aemTest.FeaturedContent"/>
  <testcase name="SectionTitleConfig" time="26.730" classname="aemTest.FeaturedContent"/>
  <testcase name="PublishThePage" time="12.442" classname="aemTest.FeaturedContent"/>
</testsuite> <!-- aemTest.FeaturedContent -->
