<?xml version="1.0" encoding="UTF-8"?>
<!-- Generated by org.testng.reporters.JUnitReportReporter -->
<testsuite hostname="WKWIN4159591" name="aemTest.ArticleFeature" tests="7" failures="0" timestamp="25 Apr 2018 06:03:21 GMT" time="102.633" errors="0">
  <testcase name="ArtFeatureSmallImageLeftAlign" time="16.329" classname="aemTest.ArticleFeature"/>
  <testcase name="ArtFeatureLargeImageTopAlign" time="16.382" classname="aemTest.ArticleFeature"/>
  <testcase name="ArtFeatureSmallImageRightAlign" time="16.228" classname="aemTest.ArticleFeature"/>
  <testcase name="ArtFeatureLargeImageRightAlign" time="12.869" classname="aemTest.ArticleFeature"/>
  <testcase name="PublishThePage" time="7.273" classname="aemTest.ArticleFeature"/>
  <testcase name="CreateNewTemplate" time="16.989" classname="aemTest.ArticleFeature"/>
  <testcase name="ArtFeatureLargeImageLeftAlign" time="16.563" classname="aemTest.ArticleFeature"/>
</testsuite> <!-- aemTest.ArticleFeature -->
