<?xml version="1.0" encoding="UTF-8"?>
<!-- Generated by org.testng.reporters.JUnitReportReporter -->
<testsuite hostname="WKWIN4159591" name="aemTest.HeroPaginatedArticle" tests="3" failures="0" timestamp="25 Apr 2018 07:41:51 GMT" time="44.352" errors="0">
  <testcase name="PublishThePage" time="12.387" classname="aemTest.HeroPaginatedArticle"/>
  <testcase name="CreateNewTemplate" time="14.025" classname="aemTest.HeroPaginatedArticle"/>
  <testcase name="HeroPaginatedArticleConfiguration" time="17.940" classname="aemTest.HeroPaginatedArticle"/>
</testsuite> <!-- aemTest.HeroPaginatedArticle -->
