<?xml version="1.0" encoding="UTF-8"?>
<!-- Generated by org.testng.reporters.JUnitReportReporter -->
<testsuite hostname="WKWIN4159591" name="aemTest.HeroArticleText" tests="5" failures="0" timestamp="25 Apr 2018 07:39:29 GMT" time="75.564" errors="0">
  <testcase name="ImageOnRightArticleTextConfig" time="16.623" classname="aemTest.HeroArticleText"/>
  <testcase name="ImageOnTopArticleTextConfig" time="16.347" classname="aemTest.HeroArticleText"/>
  <testcase name="CreateNewTemplate" time="13.410" classname="aemTest.HeroArticleText"/>
  <testcase name="ImageOnLeftArticleTextConfig" time="16.858" classname="aemTest.HeroArticleText"/>
  <testcase name="PublishThePage" time="12.326" classname="aemTest.HeroArticleText"/>
</testsuite> <!-- aemTest.HeroArticleText -->
